Copyright 1986-2019 Xilinx, Inc. All Rights Reserved.
----------------------------------------------------------------------------------------
| Tool Version     : Vivado v.2019.2 (lin64) Build 2708876 Wed Nov  6 21:39:14 MST 2019
| Date             : Tue Feb  8 15:45:36 2022
| Host             : gmojicar-Lenovo-YOGA-520-14IKB running 64-bit Ubuntu 18.04.6 LTS
| Command          : report_power -file nexys4ddr_power.rpt
| Design           : nexys4ddr
| Device           : xc7a100tcsg324-1
| Design State     : routed
| Grade            : commercial
| Process          : typical
| Characterization : Production
----------------------------------------------------------------------------------------

Power Report

Table of Contents
-----------------
1. Summary
1.1 On-Chip Components
1.2 Power Supply Summary
1.3 Confidence Level
2. Settings
2.1 Environment
2.2 Clock Constraints
3. Detailed Reports
3.1 By Hierarchy

1. Summary
----------

+--------------------------+----------------------------------+
| Total On-Chip Power (W)  | 31.346 (Junction temp exceeded!) |
| Design Power Budget (W)  | Unspecified*                     |
| Power Budget Margin (W)  | NA                               |
| Dynamic (W)              | 30.533                           |
| Device Static (W)        | 0.813                            |
| Effective TJA (C/W)      | 4.6                              |
| Max Ambient (C)          | 0.0                              |
| Junction Temperature (C) | 125.0                            |
| Confidence Level         | Low                              |
| Setting File             | ---                              |
| Simulation Activity File | ---                              |
| Design Nets Matched      | NA                               |
+--------------------------+----------------------------------+
* Specify Design Power Budget using, set_operating_conditions -design_power_budget <value in Watts>


1.1 On-Chip Components
----------------------

+--------------------------+-----------+----------+-----------+-----------------+
| On-Chip                  | Power (W) | Used     | Available | Utilization (%) |
+--------------------------+-----------+----------+-----------+-----------------+
| Slice Logic              |     6.931 |     5696 |       --- |             --- |
|   LUT as Logic           |     5.649 |     2822 |     63400 |            4.45 |
|   CARRY4                 |     0.803 |      269 |     15850 |            1.70 |
|   Register               |     0.239 |     1908 |    126800 |            1.50 |
|   LUT as Distributed RAM |     0.210 |      112 |     19000 |            0.59 |
|   BUFG                   |     0.029 |        5 |        32 |           15.63 |
|   Others                 |     0.000 |       31 |       --- |             --- |
| Signals                  |     7.644 |     4445 |       --- |             --- |
| Block RAM                |     3.205 |       26 |       135 |           19.26 |
| MMCM                     |     4.086 |        1 |         6 |           16.67 |
| DSPs                     |     0.919 |        2 |       240 |            0.83 |
| I/O                      |     7.748 |       44 |       210 |           20.95 |
| Static Power             |     0.813 |          |           |                 |
| Total                    |    31.346 |          |           |                 |
+--------------------------+-----------+----------+-----------+-----------------+


1.2 Power Supply Summary
------------------------

+-----------+-------------+-----------+-------------+------------+
| Source    | Voltage (V) | Total (A) | Dynamic (A) | Static (A) |
+-----------+-------------+-----------+-------------+------------+
| Vccint    |       1.000 |    19.101 |      18.531 |      0.570 |
| Vccaux    |       1.800 |     2.630 |       2.537 |      0.093 |
| Vcco33    |       3.300 |     2.175 |       2.171 |      0.004 |
| Vcco25    |       2.500 |     0.000 |       0.000 |      0.000 |
| Vcco18    |       1.800 |     0.000 |       0.000 |      0.000 |
| Vcco15    |       1.500 |     0.000 |       0.000 |      0.000 |
| Vcco135   |       1.350 |     0.000 |       0.000 |      0.000 |
| Vcco12    |       1.200 |     0.000 |       0.000 |      0.000 |
| Vccaux_io |       1.800 |     0.000 |       0.000 |      0.000 |
| Vccbram   |       1.000 |     0.296 |       0.270 |      0.026 |
| MGTAVcc   |       1.000 |     0.000 |       0.000 |      0.000 |
| MGTAVtt   |       1.200 |     0.000 |       0.000 |      0.000 |
| Vccadc    |       1.800 |     0.020 |       0.000 |      0.020 |
+-----------+-------------+-----------+-------------+------------+


1.3 Confidence Level
--------------------

+-----------------------------+------------+--------------------------------------------------------+--------------------------------------------------------------------------------------------------------------------+
| User Input Data             | Confidence | Details                                                | Action                                                                                                             |
+-----------------------------+------------+--------------------------------------------------------+--------------------------------------------------------------------------------------------------------------------+
| Design implementation state | High       | Design is routed                                       |                                                                                                                    |
| Clock nodes activity        | Low        | User specified less than 75% of clocks                 | Provide missing clock activity with a constraint file, simulation results or by editing the "By Clock Domain" view |
| I/O nodes activity          | Low        | More than 75% of inputs are missing user specification | Provide missing input activity with simulation results or by editing the "By Resource Type -> I/Os" view           |
| Internal nodes activity     | Medium     | User specified less than 25% of internal nodes         | Provide missing internal nodes activity with simulation results or by editing the "By Resource Type" views         |
| Device models               | High       | Device models are Production                           |                                                                                                                    |
|                             |            |                                                        |                                                                                                                    |
| Overall confidence level    | Low        |                                                        |                                                                                                                    |
+-----------------------------+------------+--------------------------------------------------------+--------------------------------------------------------------------------------------------------------------------+


2. Settings
-----------

2.1 Environment
---------------

+-----------------------+--------------------------+
| Ambient Temp (C)      | 25.0                     |
| ThetaJA (C/W)         | 4.6                      |
| Airflow (LFM)         | 250                      |
| Heat Sink             | medium (Medium Profile)  |
| ThetaSA (C/W)         | 4.6                      |
| Board Selection       | medium (10"x10")         |
| # of Board Layers     | 12to15 (12 to 15 Layers) |
| Board Temperature (C) | 25.0                     |
+-----------------------+--------------------------+


2.2 Clock Constraints
---------------------

+-------+--------+-----------------+
| Clock | Domain | Constraint (ns) |
+-------+--------+-----------------+


3. Detailed Reports
-------------------

3.1 By Hierarchy
----------------

+-------------------------------+-----------+
| Name                          | Power (W) |
+-------------------------------+-----------+
| nexys4ddr                     |    30.533 |
|   CamaraVGADriver             |     9.727 |
|     Cam                       |     2.258 |
|     Camara                    |     1.550 |
|     Mapa                      |     0.005 |
|     VGA                       |     0.807 |
|     clk25_24                  |     4.132 |
|   picorv32                    |     7.143 |
|     cpuregs_reg_r1_0_63_0_2   |     0.018 |
|     cpuregs_reg_r1_0_63_12_14 |     0.015 |
|     cpuregs_reg_r1_0_63_15_17 |     0.014 |
|     cpuregs_reg_r1_0_63_18_20 |     0.021 |
|     cpuregs_reg_r1_0_63_21_23 |     0.010 |
|     cpuregs_reg_r1_0_63_24_26 |     0.010 |
|     cpuregs_reg_r1_0_63_27_29 |     0.019 |
|     cpuregs_reg_r1_0_63_30_31 |     0.010 |
|     cpuregs_reg_r1_0_63_3_5   |     0.025 |
|     cpuregs_reg_r1_0_63_6_8   |     0.013 |
|     cpuregs_reg_r1_0_63_9_11  |     0.014 |
|     cpuregs_reg_r2_0_63_0_2   |     0.023 |
|     cpuregs_reg_r2_0_63_12_14 |     0.030 |
|     cpuregs_reg_r2_0_63_15_17 |     0.019 |
|     cpuregs_reg_r2_0_63_18_20 |     0.023 |
|     cpuregs_reg_r2_0_63_21_23 |     0.015 |
|     cpuregs_reg_r2_0_63_24_26 |     0.024 |
|     cpuregs_reg_r2_0_63_27_29 |     0.029 |
|     cpuregs_reg_r2_0_63_30_31 |     0.021 |
|     cpuregs_reg_r2_0_63_3_5   |     0.040 |
|     cpuregs_reg_r2_0_63_6_8   |     0.024 |
|     cpuregs_reg_r2_0_63_9_11  |     0.027 |
|     pcpi_div                  |     0.962 |
|     pcpi_mul                  |     0.511 |
|   servo_radar                 |     0.325 |
|   ultrasonido                 |     1.408 |
|     freq1                     |     0.177 |
+-------------------------------+-----------+


